#
# There is insufficient memory for the Java Runtime Environment to continue.
# Native memory allocation (mmap) failed to map 134217728 bytes for Failed to commit area from 0x0000000081800000 to 0x0000000089800000 of length 134217728.
# Possible reasons:
#   The system is out of physical RAM or swap space
#   The process is running with CompressedOops enabled, and the Java Heap may be blocking the growth of the native heap
# Possible solutions:
#   Reduce memory load on the system
#   Increase physical memory or swap space
#   Check if swap backing store is full
#   Decrease Java heap size (-Xmx/-Xms)
#   Decrease number of Java threads
#   Decrease Java thread stack sizes (-Xss)
#   Set larger code cache with -XX:ReservedCodeCacheSize=
# This output file may be truncated or incomplete.
#
#  Out of Memory Error (t:/workspace/open/src/hotspot/os/windows/os_windows.cpp:3269), pid=29548, tid=29592
#
# JRE version:  (11.0.2+9) (build )
# Java VM: Java HotSpot(TM) 64-Bit Server VM (11.0.2+9-LTS, mixed mode, aot, sharing, tiered, compressed oops, g1 gc, windows-amd64)
# No core dump will be written. Minidumps are not enabled by default on client versions of Windows
#

---------------  S U M M A R Y ------------

Command Line: -Dfile.encoding=UTF-8 --module-path=D:\Program Files\MATLAB\R2018b\sys\java\jre\win64\jre\lib\ext\jfxrt.jar Game

Host: Intel(R) Core(TM) i7-7500U CPU @ 2.70GHz, 4 cores, 7G,  Windows 10 , 64 bit Build 17763 (10.0.17763.475)
Time: Mon May 27 01:05:34 2019 ?rodkowoeuropejski czas letni elapsed time: 0 seconds (0d 0h 0m 0s)

---------------  T H R E A D  ---------------

Current thread (0x0000013a898e7800):  JavaThread "Unknown thread" [_thread_in_vm, id=29592, stack(0x0000002498f00000,0x0000002499000000)]

Stack: [0x0000002498f00000,0x0000002499000000]
Native frames: (J=compiled Java code, j=interpreted, Vv=VM code, C=native code)
V  [jvm.dll+0x63574a]
V  [jvm.dll+0x77326f]
V  [jvm.dll+0x77491a]
V  [jvm.dll+0x774fd3]
V  [jvm.dll+0x25e418]
V  [jvm.dll+0x632c0a]
V  [jvm.dll+0x627645]
V  [jvm.dll+0x314e7c]
V  [jvm.dll+0x314d02]
V  [jvm.dll+0x31a576]
V  [jvm.dll+0x36635f]
V  [jvm.dll+0x365d80]
V  [jvm.dll+0x2f19f8]
V  [jvm.dll+0x2f2b56]
V  [jvm.dll+0x74c817]
V  [jvm.dll+0x74df5f]
V  [jvm.dll+0x373179]
V  [jvm.dll+0x732eb9]
V  [jvm.dll+0x3e295d]
V  [jvm.dll+0x3e4c61]
C  [javaw.exe+0x3617]
C  [javaw.exe+0x17e2c]
C  [KERNEL32.DLL+0x17974]
C  [ntdll.dll+0x6a271]


---------------  P R O C E S S  ---------------

Threads class SMR info:
_java_thread_list=0x0000013a87743cc0, length=0, elements={
}

Java Threads: ( => current thread )

Other Threads:
  0x0000013a898fa000 GCTaskThread "GC Thread#0" [stack: 0x0000002499000000,0x0000002499100000] [id=29636]
  0x0000013a89929800 ConcurrentGCThread "G1 Main Marker" [stack: 0x0000002499100000,0x0000002499200000] [id=29612]
  0x0000013a8992c800 ConcurrentGCThread "G1 Conc#0" [stack: 0x0000002499200000,0x0000002499300000] [id=17264]

[error occurred during error reporting (printing all threads), id 0xc0000005, EXCEPTION_ACCESS_VIOLATION (0xc0000005) at pc=0x00007ffbc9c10197]

VM state:not at safepoint (not fully initialized)

VM Mutex/Monitor currently owned by a thread:  ([mutex/lock_event])
[0x0000013a898e5710] Heap_lock - owner thread: 0x0000013a898e7800

Heap address: 0x0000000081800000, size: 2024 MB, Compressed Oops mode: Non-zero based: 0x0000000081800000
Narrow klass base: 0x0000000000000000, Narrow klass shift: 0

GC Heap History (0 events):
No events

Deoptimization events (0 events):
No events

Classes redefined (0 events):
No events

Internal exceptions (0 events):
No events

Events (0 events):
No events


Dynamic libraries:
0x00007ff7e3ca0000 - 0x00007ff7e3ce7000 	D:\Program Files\Java\jdk-11.0.2\bin\javaw.exe
0x00007ffc38710000 - 0x00007ffc388fd000 	C:\WINDOWS\SYSTEM32\ntdll.dll
0x00007ffc35a70000 - 0x00007ffc35b23000 	C:\WINDOWS\System32\KERNEL32.DLL
0x00007ffc35500000 - 0x00007ffc35793000 	C:\WINDOWS\System32\KERNELBASE.dll
0x00007ffc38110000 - 0x00007ffc381b3000 	C:\WINDOWS\System32\ADVAPI32.dll
0x00007ffc36320000 - 0x00007ffc363be000 	C:\WINDOWS\System32\msvcrt.dll
0x00007ffc36280000 - 0x00007ffc3631e000 	C:\WINDOWS\System32\sechost.dll
0x00007ffc35940000 - 0x00007ffc35a62000 	C:\WINDOWS\System32\RPCRT4.dll
0x00007ffc35ea0000 - 0x00007ffc36037000 	C:\WINDOWS\System32\USER32.dll
0x00007ffc34be0000 - 0x00007ffc34c00000 	C:\WINDOWS\System32\win32u.dll
0x00007ffc363d0000 - 0x00007ffc363f9000 	C:\WINDOWS\System32\GDI32.dll
0x00007ffc347e0000 - 0x00007ffc3497a000 	C:\WINDOWS\System32\gdi32full.dll
0x00007ffc353b0000 - 0x00007ffc35450000 	C:\WINDOWS\System32\msvcp_win.dll
0x00007ffc357a0000 - 0x00007ffc3589a000 	C:\WINDOWS\System32\ucrtbase.dll
0x00007ffc2add0000 - 0x00007ffc2adda000 	C:\WINDOWS\SYSTEM32\VERSION.dll
0x00007ffc248a0000 - 0x00007ffc24b19000 	C:\WINDOWS\WinSxS\amd64_microsoft.windows.common-controls_6595b64144ccf1df_6.0.17763.503_none_05b23ef40721f4ae\COMCTL32.dll
0x00007ffc381d0000 - 0x00007ffc384fc000 	C:\WINDOWS\System32\combase.dll
0x00007ffc358c0000 - 0x00007ffc3593e000 	C:\WINDOWS\System32\bcryptPrimitives.dll
0x00007ffc38500000 - 0x00007ffc3852e000 	C:\WINDOWS\System32\IMM32.DLL
0x00007ffc2c0a0000 - 0x00007ffc2c0b6000 	D:\Program Files\Java\jdk-11.0.2\bin\vcruntime140.dll
0x00007ffc292c0000 - 0x00007ffc2936a000 	D:\Program Files\Java\jdk-11.0.2\bin\msvcp140.dll
0x00007ffbc9910000 - 0x00007ffbca437000 	D:\Program Files\Java\jdk-11.0.2\bin\server\jvm.dll
0x00007ffc381c0000 - 0x00007ffc381c8000 	C:\WINDOWS\System32\PSAPI.DLL
0x00007ffc1fa00000 - 0x00007ffc1fa09000 	C:\WINDOWS\SYSTEM32\WSOCK32.dll
0x00007ffc37950000 - 0x00007ffc379bd000 	C:\WINDOWS\System32\WS2_32.dll
0x00007ffc2b760000 - 0x00007ffc2b784000 	C:\WINDOWS\SYSTEM32\WINMM.dll
0x00007ffc2b730000 - 0x00007ffc2b75d000 	C:\WINDOWS\SYSTEM32\winmmbase.dll
0x00007ffc34980000 - 0x00007ffc349ca000 	C:\WINDOWS\System32\cfgmgr32.dll
0x00007ffc34710000 - 0x00007ffc34721000 	C:\WINDOWS\System32\kernel.appcore.dll
0x00007ffc2ffd0000 - 0x00007ffc2ffe1000 	D:\Program Files\Java\jdk-11.0.2\bin\verify.dll
0x00007ffc33100000 - 0x00007ffc332ed000 	C:\WINDOWS\SYSTEM32\DBGHELP.DLL
0x00007ffc2d130000 - 0x00007ffc2d15a000 	C:\WINDOWS\SYSTEM32\dbgcore.DLL
0x00007ffc2ec20000 - 0x00007ffc2ec49000 	D:\Program Files\Java\jdk-11.0.2\bin\java.dll
0x00007ffc2fde0000 - 0x00007ffc2fdf6000 	D:\Program Files\Java\jdk-11.0.2\bin\zip.dll
0x00007ffc2ff50000 - 0x00007ffc2ff5a000 	D:\Program Files\Java\jdk-11.0.2\bin\jimage.dll

dbghelp: loaded successfully - version: 4.0.5 - missing functions: none
symbol engine: initialized successfully - sym options: 0x614 - pdb path: .;D:\Program Files\Java\jdk-11.0.2\bin;C:\WINDOWS\SYSTEM32;C:\WINDOWS\WinSxS\amd64_microsoft.windows.common-controls_6595b64144ccf1df_6.0.17763.503_none_05b23ef40721f4ae;D:\Program Files\Java\jdk-11.0.2\bin\server

VM Arguments:
jvm_args: -Dfile.encoding=UTF-8 --module-path=D:\Program Files\MATLAB\R2018b\sys\java\jre\win64\jre\lib\ext\jfxrt.jar 
java_command: Game
java_class_path (initial): D:\Users\rafaw\eclipse-workspace\Snake\bin
Launcher Type: SUN_STANDARD

[Global flags]
     intx CICompilerCount                          = 3                                         {product} {ergonomic}
     uint ConcGCThreads                            = 1                                         {product} {ergonomic}
     uint G1ConcRefinementThreads                  = 4                                         {product} {ergonomic}
   size_t G1HeapRegionSize                         = 1048576                                   {product} {ergonomic}
    uintx GCDrainStackTargetSize                   = 64                                        {product} {ergonomic}
   size_t InitialHeapSize                          = 134217728                                 {product} {ergonomic}
   size_t MarkStackSize                            = 4194304                                   {product} {ergonomic}
   size_t MaxHeapSize                              = 2122317824                                {product} {ergonomic}
   size_t MinHeapDeltaBytes                        = 1048576                                   {product} {ergonomic}
    uintx NonNMethodCodeHeapSize                   = 5830092                                {pd product} {ergonomic}
    uintx NonProfiledCodeHeapSize                  = 122914074                              {pd product} {ergonomic}
    uintx ProfiledCodeHeapSize                     = 122914074                              {pd product} {ergonomic}
    uintx ReservedCodeCacheSize                    = 251658240                              {pd product} {ergonomic}
     bool SegmentedCodeCache                       = true                                      {product} {ergonomic}
     bool UseCompressedClassPointers               = true                                 {lp64_product} {ergonomic}
     bool UseCompressedOops                        = true                                 {lp64_product} {ergonomic}
     bool UseG1GC                                  = true                                      {product} {ergonomic}
     bool UseLargePagesIndividualAllocation        = false                                  {pd product} {ergonomic}

Logging:
Log output configuration:
 #0: stdout all=warning uptime,level,tags
 #1: stderr all=off uptime,level,tags

Environment Variables:
PATH=D:/Program Files/Java/jdk-11.0.2/bin/server;D:/Program Files/Java/jdk-11.0.2/bin;C:\Program Files (x86)\Intel\iCLS Client\;C:\Program Files\Intel\iCLS Client\;C:\Windows\system32;C:\Windows;C:\Windows\System32\Wbem;C:\Windows\System32\WindowsPowerShell\v1.0\;C:\Program Files (x86)\NVIDIA Corporation\PhysX\Common;C:\WINDOWS\system32;C:\WINDOWS;C:\WINDOWS\System32\Wbem;C:\WINDOWS\System32\WindowsPowerShell\v1.0\;C:\WINDOWS\System32\OpenSSH\;C:\Program Files (x86)\Intel\Intel(R) Management Engine Components\DAL;C:\Program Files\Intel\Intel(R) Management Engine Components\DAL;C:\Program Files (x86)\Intel\Intel(R) Management Engine Components\IPT;C:\Program Files\Intel\Intel(R) Management Engine Components\IPT;C:\Program Files\Intel\WiFi\bin\;C:\Program Files\Common Files\Intel\WirelessCommon\;D:\Program Files\MATLAB\R2018b\bin;D:\Rafa³\opencv\build\x64\vc14\bin;C:\Users\rafaw\AppData\Local\Microsoft\WindowsApps;C:\Program Files\Intel\WiFi\bin\;C:\Program Files\Common Files\Intel\WirelessCommon\;;C:\Users\rafaw\Desktop;
USERNAME=rafaw
OS=Windows_NT
PROCESSOR_IDENTIFIER=Intel64 Family 6 Model 142 Stepping 9, GenuineIntel



---------------  S Y S T E M  ---------------

OS: Windows 10 , 64 bit Build 17763 (10.0.17763.475)

CPU:total 4 (initial active 4) (2 cores per cpu, 2 threads per core) family 6 model 142 stepping 9, cmov, cx8, fxsr, mmx, sse, sse2, sse3, ssse3, sse4.1, sse4.2, popcnt, avx, avx2, aes, clmul, erms, 3dnowpref, lzcnt, ht, tsc, tscinvbit, bmi1, bmi2, adx, fma

Memory: 4k page, system-wide physical 8090M (1062M free)
TotalPageFile size 21565M (AvailPageFile size 78M)
current process WorkingSet (physical memory assigned to process): 9M, peak: 9M
current process commit charge ("private bytes"): 51M, peak: 179M

vm_info: Java HotSpot(TM) 64-Bit Server VM (11.0.2+9-LTS) for windows-amd64 JRE (11.0.2+9-LTS), built on Jan 18 2019 05:24:10 by "mach5one" with MS VC++ 15.5 (VS2017)

END.
